\BOOKMARK [1][-]{section*.1}{\376\377\000A\000b\000s\000t\000r\000a\000c\000t}{}% 1
\BOOKMARK [1][-]{section*.1}{\376\377\000K\000e\000y\000w\000o\000r\000d\000s}{}% 2
\BOOKMARK [1][-]{section*.2}{\376\377\000C\000h\000a\000p\000t\000e\000r\000\040\0001\000:\000\040\000I\000n\000t\000r\000o\000d\000u\000c\000t\000i\000o\000n}{}% 3
\BOOKMARK [2][-]{subsection.1.1}{\376\377\000P\000r\000o\000b\000l\000e\000m\000\040\000S\000t\000a\000t\000e\000m\000e\000n\000t}{section*.2}% 4
\BOOKMARK [2][-]{subsection.1.2}{\376\377\000O\000u\000r\000\040\000S\000o\000l\000u\000t\000i\000o\000n}{section*.2}% 5
\BOOKMARK [2][-]{subsection.1.3}{\376\377\000M\000a\000i\000n\000\040\000C\000o\000n\000t\000r\000i\000b\000u\000t\000i\000o\000n\000s}{section*.2}% 6
\BOOKMARK [1][-]{section*.4}{\376\377\000C\000h\000a\000p\000t\000e\000r\000\040\0002\000:\000\040\000B\000a\000c\000k\000g\000r\000o\000u\000n\000d}{}% 7
\BOOKMARK [2][-]{subsection.2.1}{\376\377\000A\000g\000e\000n\000t\000\040\000S\000y\000s\000t\000e\000m\000s\000:\000\040\000P\000r\000i\000o\000r\000\040\000W\000o\000r\000k}{section*.4}% 8
\BOOKMARK [2][-]{subsection.2.2}{\376\377\000W\000h\000a\000t\000\040\000M\000C\000P\000\040\000P\000r\000o\000v\000i\000d\000e\000s}{section*.4}% 9
\BOOKMARK [2][-]{subsection.2.3}{\376\377\000L\000i\000m\000i\000t\000s\000\040\000o\000f\000\040\000U\000s\000e\000r\000-\000s\000p\000a\000c\000e\000\040\000M\000e\000d\000i\000a\000t\000i\000o\000n}{section*.4}% 10
\BOOKMARK [2][-]{subsection.2.4}{\376\377\000R\000e\000l\000a\000t\000i\000o\000n\000\040\000t\000o\000\040\000N\000a\000t\000i\000v\000e\000\040\000L\000i\000n\000u\000x\000\040\000S\000e\000c\000u\000r\000i\000t\000y\000\040\000M\000e\000c\000h\000a\000n\000i\000s\000m\000s}{section*.4}% 11
\BOOKMARK [2][-]{subsection.2.5}{\376\377\000R\000e\000l\000a\000t\000e\000d\000\040\000W\000o\000r\000k}{section*.4}% 12
\BOOKMARK [2][-]{subsection.2.6}{\376\377\000T\000h\000r\000e\000a\000t\000\040\000M\000o\000d\000e\000l}{section*.4}% 13
\BOOKMARK [1][-]{section*.5}{\376\377\000C\000h\000a\000p\000t\000e\000r\000\040\0003\000:\000\040\000D\000e\000s\000i\000g\000n\000\040\000a\000n\000d\000\040\000I\000m\000p\000l\000e\000m\000e\000n\000t\000a\000t\000i\000o\000n}{}% 14
\BOOKMARK [2][-]{subsection.3.1}{\376\377\000D\000e\000s\000i\000g\000n\000\040\000G\000o\000a\000l\000s}{section*.5}% 15
\BOOKMARK [2][-]{subsection.3.2}{\376\377\000S\000y\000s\000t\000e\000m\000\040\000A\000r\000c\000h\000i\000t\000e\000c\000t\000u\000r\000e}{section*.5}% 16
\BOOKMARK [2][-]{subsection.3.3}{\376\377\000C\000o\000n\000t\000r\000o\000l\000-\000P\000l\000a\000n\000e\000\040\000W\000o\000r\000k\000f\000l\000o\000w}{section*.5}% 17
\BOOKMARK [2][-]{subsection.3.4}{\376\377\000W\000i\000r\000e\000\040\000P\000r\000o\000t\000o\000c\000o\000l\000s}{section*.5}% 18
\BOOKMARK [2][-]{subsection.3.5}{\376\377\000M\000a\000n\000i\000f\000e\000s\000t\000\040\000S\000e\000m\000a\000n\000t\000i\000c\000s\000\040\000a\000n\000d\000\040\000T\000o\000o\000l\000\040\000I\000d\000e\000n\000t\000i\000t\000y}{section*.5}% 19
\BOOKMARK [2][-]{subsection.3.6}{\376\377\000S\000e\000s\000s\000i\000o\000n\000\040\000M\000a\000n\000a\000g\000e\000m\000e\000n\000t\000\040\000a\000n\000d\000\040\000A\000p\000p\000r\000o\000v\000a\000l\000\040\000B\000i\000n\000d\000i\000n\000g}{section*.5}% 20
\BOOKMARK [2][-]{subsection.3.7}{\376\377\000K\000e\000r\000n\000e\000l\000\040\000M\000o\000d\000u\000l\000e\000\040\000D\000e\000s\000i\000g\000n}{section*.5}% 21
\BOOKMARK [2][-]{subsection.3.8}{\376\377\000D\000a\000e\000m\000o\000n\000\040\000I\000m\000p\000l\000e\000m\000e\000n\000t\000a\000t\000i\000o\000n}{section*.5}% 22
\BOOKMARK [2][-]{subsection.3.9}{\376\377\000S\000t\000a\000t\000e\000\040\000R\000e\000c\000o\000n\000c\000i\000l\000i\000a\000t\000i\000o\000n\000\040\000a\000n\000d\000\040\000R\000e\000c\000o\000v\000e\000r\000y}{section*.5}% 23
\BOOKMARK [2][-]{subsection.3.10}{\376\377\000R\000a\000t\000i\000o\000n\000a\000l\000e\000\040\000f\000o\000r\000\040\000t\000h\000e\000\040\000K\000e\000r\000n\000e\000l\040\023\000U\000s\000e\000r\000-\000S\000p\000a\000c\000e\000\040\000S\000p\000l\000i\000t}{section*.5}% 24
\BOOKMARK [1][-]{subsection.3.10}{\376\377\000C\000h\000a\000p\000t\000e\000r\000\040\0004\000:\000\040\000R\000e\000s\000u\000l\000t\000s\000\040\000a\000n\000d\000\040\000D\000i\000s\000c\000u\000s\000s\000i\000o\000n}{}% 25
\BOOKMARK [2][-]{subsection.4.1}{\376\377\000L\000a\000t\000e\000n\000c\000y\000\040\000a\000n\000d\000\040\000C\000o\000n\000t\000r\000o\000l\000-\000P\000l\000a\000n\000e\000\040\000O\000v\000e\000r\000h\000e\000a\000d}{subsection.3.10}% 26
\BOOKMARK [2][-]{subsection.4.2}{\376\377\000T\000h\000r\000o\000u\000g\000h\000p\000u\000t\000\040\000a\000n\000d\000\040\000S\000c\000a\000l\000a\000b\000i\000l\000i\000t\000y}{subsection.3.10}% 27
\BOOKMARK [2][-]{subsection.4.3}{\376\377\000R\000e\000g\000i\000s\000t\000r\000y\000\040\000S\000c\000a\000l\000i\000n\000g}{subsection.3.10}% 28
\BOOKMARK [2][-]{subsection.4.4}{\376\377\000S\000e\000c\000u\000r\000i\000t\000y\000\040\000E\000v\000a\000l\000u\000a\000t\000i\000o\000n}{subsection.3.10}% 29
\BOOKMARK [2][-]{subsection.4.5}{\376\377\000E\000x\000t\000e\000n\000d\000e\000d\000\040\000T\000h\000r\000e\000a\000t\000\040\000M\000o\000d\000e\000l}{subsection.3.10}% 30
\BOOKMARK [2][-]{subsection.4.6}{\376\377\000D\000a\000e\000m\000o\000n\000\040\000F\000a\000i\000l\000u\000r\000e\000\040\000a\000n\000d\000\040\000R\000e\000c\000o\000v\000e\000r\000y}{subsection.3.10}% 31
\BOOKMARK [2][-]{subsection.4.7}{\376\377\000D\000i\000s\000c\000u\000s\000s\000i\000o\000n}{subsection.3.10}% 32
\BOOKMARK [2][-]{subsection.4.8}{\376\377\000T\000h\000r\000e\000a\000t\000s\000\040\000t\000o\000\040\000V\000a\000l\000i\000d\000i\000t\000y}{subsection.3.10}% 33
\BOOKMARK [1][-]{section*.22}{\376\377\000C\000h\000a\000p\000t\000e\000r\000\040\0005\000:\000\040\000C\000o\000n\000c\000l\000u\000s\000i\000o\000n\000\040\000a\000n\000d\000\040\000F\000u\000r\000t\000h\000e\000r\000\040\000W\000o\000r\000k}{}% 34
\BOOKMARK [2][-]{subsection.5.1}{\376\377\000C\000o\000n\000c\000l\000u\000s\000i\000o\000n}{section*.22}% 35
\BOOKMARK [2][-]{subsection.5.2}{\376\377\000R\000e\000f\000l\000e\000c\000t\000i\000o\000n}{section*.22}% 36
\BOOKMARK [2][-]{subsection.5.3}{\376\377\000F\000u\000r\000t\000h\000e\000r\000\040\000W\000o\000r\000k}{section*.22}% 37
\BOOKMARK [1][-]{subsection.5.3}{\376\377\000R\000e\000f\000e\000r\000e\000n\000c\000e\000s}{}% 38
\BOOKMARK [1][-]{section*.23}{\376\377\000A\000c\000k\000n\000o\000w\000l\000e\000d\000g\000m\000e\000n\000t}{}% 39
\BOOKMARK [1][-]{section*.24}{\376\377\000A\000p\000p\000e\000n\000d\000i\000c\000e\000s}{}% 40
\BOOKMARK [2][-]{section*.25}{\376\377\000D\000i\000s\000c\000l\000a\000i\000m\000e\000r}{section*.24}% 41
\BOOKMARK [2][-]{section*.26}{\376\377\000A\000c\000k\000n\000o\000w\000l\000e\000d\000g\000e\000m\000e\000n\000t\000\040\000o\000f\000\040\000u\000s\000i\000n\000g\000\040\000G\000e\000n\000e\000r\000a\000t\000i\000v\000e\000\040\000A\000I}{section*.24}% 42
\BOOKMARK [2][-]{section*.27}{\376\377\000P\000r\000o\000j\000e\000c\000t\000\040\000s\000p\000e\000c\000i\000f\000i\000c\000a\000t\000i\000o\000n}{section*.24}% 43
\BOOKMARK [2][-]{section*.28}{\376\377\000E\000a\000r\000l\000y\000-\000t\000e\000r\000m\000\040\000p\000r\000o\000g\000r\000e\000s\000s\000\040\000r\000e\000p\000o\000r\000t}{section*.24}% 44
\BOOKMARK [2][-]{section*.29}{\376\377\000M\000i\000d\000-\000t\000e\000r\000m\000\040\000p\000r\000o\000g\000r\000e\000s\000s\000\040\000r\000e\000p\000o\000r\000t}{section*.24}% 45
\BOOKMARK [2][-]{section*.30}{\376\377\000S\000u\000p\000e\000r\000v\000i\000s\000i\000o\000n\000\040\000l\000o\000g}{section*.24}% 46
\BOOKMARK [2][-]{section*.31}{\376\377\000A\000d\000d\000i\000t\000i\000o\000n\000a\000l\000\040\000A\000p\000p\000e\000n\000d\000i\000c\000e\000s}{section*.24}% 47
\BOOKMARK [3][-]{section*.32}{\376\377\000A\000.\0001\000\040\000W\000i\000r\000e\000\040\000P\000r\000o\000t\000o\000c\000o\000l\000\040\000R\000e\000f\000e\000r\000e\000n\000c\000e}{section*.31}% 48
\BOOKMARK [3][-]{section*.37}{\376\377\000A\000.\0002\000\040\000S\000y\000s\000t\000e\000m\000\040\000C\000o\000m\000p\000a\000r\000i\000s\000o\000n\000\040\000T\000a\000b\000l\000e}{section*.31}% 49
\BOOKMARK [3][-]{section*.38}{\376\377\000A\000.\0003\000\040\000E\000x\000p\000e\000r\000i\000m\000e\000n\000t\000\040\000K\000e\000r\000n\000e\000l\000\040\000I\000n\000t\000e\000r\000f\000a\000c\000e}{section*.31}% 50
\BOOKMARK [1][-]{section*.41}{\376\377\000R\000i\000s\000k\000\040\000a\000n\000d\000\040\000E\000n\000v\000i\000r\000o\000n\000m\000e\000n\000t\000a\000l\000\040\000I\000m\000p\000a\000c\000t\000\040\000A\000s\000s\000e\000s\000s\000m\000e\000n\000t}{}% 51
